{
  "RSpec": {
    "coverage": {
      "/Users/bnoonan/new_projects/Makers-BnB/spec/features/homepage_spec.rb": [
        1,
        1,
        1,
        1,
        null,
        null
      ],
      "/Users/bnoonan/new_projects/Makers-BnB/spec/features/listing_managment_spec.rb": [
        1,
        1,
        2,
        1,
        null,
        null,
        1,
        2,
        null,
        null,
        null
      ],
      "/Users/bnoonan/new_projects/Makers-BnB/spec/features/user_management_spec.rb": [
        1,
        null,
        1,
        2,
        1,
        null,
        null,
        1,
        1,
        1,
        1,
        1,
        null,
        null,
        null,
        1,
        null,
        1,
        2,
        null,
        null,
        1,
        2,
        null,
        null,
        1,
        2,
        1,
        1,
        null,
        null,
        1,
        1,
        2,
        1,
        null,
        null,
        1,
        1,
        2,
        1,
        null,
        null,
        null,
        null,
        1,
        null,
        1,
        1,
        null,
        null,
        null,
        null,
        1,
        1,
        1,
        1,
        null,
        null,
        null,
        1,
        1,
        1,
        1,
        1,
        1,
        null,
        null,
        1,
        1,
        1,
        1,
        1,
        null,
        null
      ],
      "/Users/bnoonan/new_projects/Makers-BnB/spec/features/viewing_listings_spec.rb": [
        1,
        1,
        1,
        1,
        null,
        1,
        1,
        1,
        1,
        null,
        null,
        1,
        1,
        1,
        1,
        null,
        null
      ],
      "/Users/bnoonan/new_projects/Makers-BnB/spec/models/listing_spec.rb": [

      ],
      "/Users/bnoonan/new_projects/Makers-BnB/spec/models/user_spec.rb": [
        1,
        null,
        1,
        2,
        null,
        null,
        null,
        null,
        null,
        1,
        1,
        1,
        null,
        null,
        1,
        1,
        null,
        null
      ]
    },
    "timestamp": 1495033836
  }
}
